{"/Users/husseinabdi/Desktop/Homi/Homi/Backend/server.js": {"path":"/Users/husseinabdi/Desktop/Homi/Homi/Backend/server.js","statementMap":{"0":{"start":{"line":10,"column":0},"end":{"line":10,"column":16}},"1":{"start":{"line":12,"column":12},"end":{"line":12,"column":21}},"2":{"start":{"line":13,"column":0},"end":{"line":13,"column":24}},"3":{"start":{"line":14,"column":0},"end":{"line":14,"column":16}},"4":{"start":{"line":17,"column":0},"end":{"line":17,"column":38}},"5":{"start":{"line":18,"column":0},"end":{"line":18,"column":39}},"6":{"start":{"line":21,"column":0},"end":{"line":23,"column":67}},"7":{"start":{"line":22,"column":14},"end":{"line":22,"column":46}},"8":{"start":{"line":23,"column":18},"end":{"line":23,"column":65}},"9":{"start":{"line":25,"column":0},"end":{"line":28,"column":1}},"10":{"start":{"line":26,"column":15},"end":{"line":26,"column":39}},"11":{"start":{"line":27,"column":2},"end":{"line":27,"column":75}},"12":{"start":{"line":27,"column":25},"end":{"line":27,"column":73}}},"fnMap":{"0":{"name":"(anonymous_0)","decl":{"start":{"line":22,"column":8},"end":{"line":22,"column":9}},"loc":{"start":{"line":22,"column":14},"end":{"line":22,"column":46}},"line":22},"1":{"name":"(anonymous_1)","decl":{"start":{"line":23,"column":9},"end":{"line":23,"column":10}},"loc":{"start":{"line":23,"column":18},"end":{"line":23,"column":65}},"line":23},"2":{"name":"(anonymous_2)","decl":{"start":{"line":27,"column":19},"end":{"line":27,"column":20}},"loc":{"start":{"line":27,"column":25},"end":{"line":27,"column":73}},"line":27}},"branchMap":{"0":{"loc":{"start":{"line":25,"column":0},"end":{"line":28,"column":1}},"type":"if","locations":[{"start":{"line":25,"column":0},"end":{"line":28,"column":1}},{"start":{},"end":{}}],"line":25},"1":{"loc":{"start":{"line":26,"column":15},"end":{"line":26,"column":39}},"type":"binary-expr","locations":[{"start":{"line":26,"column":15},"end":{"line":26,"column":31}},{"start":{"line":26,"column":35},"end":{"line":26,"column":39}}],"line":26}},"s":{"0":3,"1":3,"2":3,"3":3,"4":3,"5":3,"6":3,"7":0,"8":3,"9":3,"10":0,"11":0,"12":0},"f":{"0":0,"1":3,"2":0},"b":{"0":[0,3],"1":[0,0]},"inputSourceMap":null,"_coverageSchema":"1a1c01bbd47fc00a2c39e90264f33305004495a9","hash":"9ead7f0b7e8dfdbdda90de66ee294003e86d4767"}
,"/Users/husseinabdi/Desktop/Homi/Homi/Backend/models/catalogModel.js": {"path":"/Users/husseinabdi/Desktop/Homi/Homi/Backend/models/catalogModel.js","statementMap":{"0":{"start":{"line":3,"column":22},"end":{"line":12,"column":2}},"1":{"start":{"line":15,"column":0},"end":{"line":21,"column":3}},"2":{"start":{"line":18,"column":4},"end":{"line":18,"column":33}},"3":{"start":{"line":19,"column":4},"end":{"line":19,"column":15}}},"fnMap":{"0":{"name":"(anonymous_0)","decl":{"start":{"line":16,"column":13},"end":{"line":16,"column":14}},"loc":{"start":{"line":16,"column":32},"end":{"line":20,"column":3}},"line":16}},"branchMap":{},"s":{"0":3,"1":3,"2":0,"3":0},"f":{"0":0},"b":{},"inputSourceMap":null,"_coverageSchema":"1a1c01bbd47fc00a2c39e90264f33305004495a9","hash":"3616a7eebddc2e4c8513a478b23e5553829f5034"}
,"/Users/husseinabdi/Desktop/Homi/Homi/Backend/models/layoutModel.js": {"path":"/Users/husseinabdi/Desktop/Homi/Homi/Backend/models/layoutModel.js","statementMap":{"0":{"start":{"line":3,"column":24},"end":{"line":24,"column":2}},"1":{"start":{"line":26,"column":21},"end":{"line":31,"column":2}},"2":{"start":{"line":34,"column":0},"end":{"line":53,"column":3}},"3":{"start":{"line":37,"column":4},"end":{"line":37,"column":33}},"4":{"start":{"line":40,"column":4},"end":{"line":49,"column":5}},"5":{"start":{"line":41,"column":6},"end":{"line":48,"column":10}},"6":{"start":{"line":41,"column":59},"end":{"line":48,"column":7}},"7":{"start":{"line":51,"column":4},"end":{"line":51,"column":15}}},"fnMap":{"0":{"name":"(anonymous_0)","decl":{"start":{"line":35,"column":13},"end":{"line":35,"column":14}},"loc":{"start":{"line":35,"column":32},"end":{"line":52,"column":3}},"line":35},"1":{"name":"(anonymous_1)","decl":{"start":{"line":41,"column":50},"end":{"line":41,"column":51}},"loc":{"start":{"line":41,"column":59},"end":{"line":48,"column":7}},"line":41}},"branchMap":{"0":{"loc":{"start":{"line":40,"column":4},"end":{"line":49,"column":5}},"type":"if","locations":[{"start":{"line":40,"column":4},"end":{"line":49,"column":5}},{"start":{},"end":{}}],"line":40}},"s":{"0":3,"1":3,"2":3,"3":0,"4":0,"5":0,"6":0,"7":0},"f":{"0":0,"1":0},"b":{"0":[0,0]},"inputSourceMap":null,"_coverageSchema":"1a1c01bbd47fc00a2c39e90264f33305004495a9","hash":"5f5c7d93bbe0f67951382d139aa7cd63b4dd4ae0"}
,"/Users/husseinabdi/Desktop/Homi/Homi/Backend/routes/catalogRoutes.js": {"path":"/Users/husseinabdi/Desktop/Homi/Homi/Backend/routes/catalogRoutes.js","statementMap":{"0":{"start":{"line":5,"column":15},"end":{"line":5,"column":31}},"1":{"start":{"line":11,"column":0},"end":{"line":22,"column":3}},"2":{"start":{"line":12,"column":2},"end":{"line":21,"column":3}},"3":{"start":{"line":14,"column":20},"end":{"line":14,"column":40}},"4":{"start":{"line":17,"column":4},"end":{"line":17,"column":22}},"5":{"start":{"line":20,"column":4},"end":{"line":20,"column":53}},"6":{"start":{"line":28,"column":0},"end":{"line":42,"column":3}},"7":{"start":{"line":29,"column":2},"end":{"line":41,"column":3}},"8":{"start":{"line":31,"column":17},"end":{"line":31,"column":38}},"9":{"start":{"line":34,"column":4},"end":{"line":34,"column":22}},"10":{"start":{"line":37,"column":4},"end":{"line":37,"column":31}},"11":{"start":{"line":40,"column":4},"end":{"line":40,"column":53}}},"fnMap":{"0":{"name":"(anonymous_0)","decl":{"start":{"line":11,"column":16},"end":{"line":11,"column":17}},"loc":{"start":{"line":11,"column":36},"end":{"line":22,"column":1}},"line":11},"1":{"name":"(anonymous_1)","decl":{"start":{"line":28,"column":17},"end":{"line":28,"column":18}},"loc":{"start":{"line":28,"column":37},"end":{"line":42,"column":1}},"line":28}},"branchMap":{},"s":{"0":3,"1":3,"2":0,"3":0,"4":0,"5":0,"6":3,"7":0,"8":0,"9":0,"10":0,"11":0},"f":{"0":0,"1":0},"b":{},"inputSourceMap":null,"_coverageSchema":"1a1c01bbd47fc00a2c39e90264f33305004495a9","hash":"1f8bb070ed9a20d6e9bc50aeca1e8e0c6c9edfda"}
,"/Users/husseinabdi/Desktop/Homi/Homi/Backend/routes/layoutRoutes.js": {"path":"/Users/husseinabdi/Desktop/Homi/Homi/Backend/routes/layoutRoutes.js","statementMap":{"0":{"start":{"line":5,"column":15},"end":{"line":5,"column":31}},"1":{"start":{"line":11,"column":0},"end":{"line":25,"column":3}},"2":{"start":{"line":12,"column":2},"end":{"line":24,"column":3}},"3":{"start":{"line":14,"column":19},"end":{"line":14,"column":39}},"4":{"start":{"line":17,"column":4},"end":{"line":17,"column":24}},"5":{"start":{"line":20,"column":4},"end":{"line":20,"column":33}},"6":{"start":{"line":23,"column":4},"end":{"line":23,"column":53}},"7":{"start":{"line":31,"column":0},"end":{"line":42,"column":3}},"8":{"start":{"line":32,"column":2},"end":{"line":41,"column":3}},"9":{"start":{"line":34,"column":20},"end":{"line":34,"column":39}},"10":{"start":{"line":37,"column":4},"end":{"line":37,"column":22}},"11":{"start":{"line":40,"column":4},"end":{"line":40,"column":53}},"12":{"start":{"line":48,"column":0},"end":{"line":62,"column":3}},"13":{"start":{"line":49,"column":2},"end":{"line":61,"column":3}},"14":{"start":{"line":51,"column":19},"end":{"line":51,"column":55}},"15":{"start":{"line":54,"column":4},"end":{"line":54,"column":78}},"16":{"start":{"line":54,"column":17},"end":{"line":54,"column":78}},"17":{"start":{"line":57,"column":4},"end":{"line":57,"column":21}},"18":{"start":{"line":60,"column":4},"end":{"line":60,"column":53}},"19":{"start":{"line":68,"column":0},"end":{"line":79,"column":3}},"20":{"start":{"line":69,"column":2},"end":{"line":78,"column":3}},"21":{"start":{"line":71,"column":19},"end":{"line":71,"column":89}},"22":{"start":{"line":74,"column":4},"end":{"line":74,"column":21}},"23":{"start":{"line":77,"column":4},"end":{"line":77,"column":53}},"24":{"start":{"line":85,"column":0},"end":{"line":96,"column":3}},"25":{"start":{"line":86,"column":2},"end":{"line":95,"column":3}},"26":{"start":{"line":88,"column":4},"end":{"line":88,"column":50}},"27":{"start":{"line":91,"column":4},"end":{"line":91,"column":44}},"28":{"start":{"line":94,"column":4},"end":{"line":94,"column":53}}},"fnMap":{"0":{"name":"(anonymous_0)","decl":{"start":{"line":11,"column":17},"end":{"line":11,"column":18}},"loc":{"start":{"line":11,"column":37},"end":{"line":25,"column":1}},"line":11},"1":{"name":"(anonymous_1)","decl":{"start":{"line":31,"column":16},"end":{"line":31,"column":17}},"loc":{"start":{"line":31,"column":36},"end":{"line":42,"column":1}},"line":31},"2":{"name":"(anonymous_2)","decl":{"start":{"line":48,"column":19},"end":{"line":48,"column":20}},"loc":{"start":{"line":48,"column":39},"end":{"line":62,"column":1}},"line":48},"3":{"name":"(anonymous_3)","decl":{"start":{"line":68,"column":19},"end":{"line":68,"column":20}},"loc":{"start":{"line":68,"column":39},"end":{"line":79,"column":1}},"line":68},"4":{"name":"(anonymous_4)","decl":{"start":{"line":85,"column":22},"end":{"line":85,"column":23}},"loc":{"start":{"line":85,"column":42},"end":{"line":96,"column":1}},"line":85}},"branchMap":{"0":{"loc":{"start":{"line":54,"column":4},"end":{"line":54,"column":78}},"type":"if","locations":[{"start":{"line":54,"column":4},"end":{"line":54,"column":78}},{"start":{},"end":{}}],"line":54}},"s":{"0":3,"1":3,"2":0,"3":0,"4":0,"5":0,"6":0,"7":3,"8":0,"9":0,"10":0,"11":0,"12":3,"13":0,"14":0,"15":0,"16":0,"17":0,"18":0,"19":3,"20":0,"21":0,"22":0,"23":0,"24":3,"25":0,"26":0,"27":0,"28":0},"f":{"0":0,"1":0,"2":0,"3":0,"4":0},"b":{"0":[0,0]},"inputSourceMap":null,"_coverageSchema":"1a1c01bbd47fc00a2c39e90264f33305004495a9","hash":"e40a9591d326d5f03566190a805466bbc3782768"}
}
