TN:
SF:server.js
FN:22,(anonymous_0)
FN:23,(anonymous_1)
FN:27,(anonymous_2)
FNF:3
FNH:1
FNDA:0,(anonymous_0)
FNDA:3,(anonymous_1)
FNDA:0,(anonymous_2)
DA:10,3
DA:12,3
DA:13,3
DA:14,3
DA:17,3
DA:18,3
DA:21,3
DA:22,0
DA:23,3
DA:25,3
DA:26,0
DA:27,0
LF:12
LH:9
BRDA:25,0,0,0
BRDA:25,0,1,3
BRDA:26,1,0,0
BRDA:26,1,1,0
BRF:4
BRH:1
end_of_record
TN:
SF:models/catalogModel.js
FN:16,(anonymous_0)
FNF:1
FNH:0
FNDA:0,(anonymous_0)
DA:3,3
DA:15,3
DA:18,0
DA:19,0
LF:4
LH:2
BRF:0
BRH:0
end_of_record
TN:
SF:models/layoutModel.js
FN:35,(anonymous_0)
FN:41,(anonymous_1)
FNF:2
FNH:0
FNDA:0,(anonymous_0)
FNDA:0,(anonymous_1)
DA:3,3
DA:26,3
DA:34,3
DA:37,0
DA:40,0
DA:41,0
DA:51,0
LF:7
LH:3
BRDA:40,0,0,0
BRDA:40,0,1,0
BRF:2
BRH:0
end_of_record
TN:
SF:routes/catalogRoutes.js
FN:11,(anonymous_0)
FN:28,(anonymous_1)
FNF:2
FNH:0
FNDA:0,(anonymous_0)
FNDA:0,(anonymous_1)
DA:5,3
DA:11,3
DA:12,0
DA:14,0
DA:17,0
DA:20,0
DA:28,3
DA:29,0
DA:31,0
DA:34,0
DA:37,0
DA:40,0
LF:12
LH:3
BRF:0
BRH:0
end_of_record
TN:
SF:routes/layoutRoutes.js
FN:11,(anonymous_0)
FN:31,(anonymous_1)
FN:48,(anonymous_2)
FN:68,(anonymous_3)
FN:85,(anonymous_4)
FNF:5
FNH:0
FNDA:0,(anonymous_0)
FNDA:0,(anonymous_1)
FNDA:0,(anonymous_2)
FNDA:0,(anonymous_3)
FNDA:0,(anonymous_4)
DA:5,3
DA:11,3
DA:12,0
DA:14,0
DA:17,0
DA:20,0
DA:23,0
DA:31,3
DA:32,0
DA:34,0
DA:37,0
DA:40,0
DA:48,3
DA:49,0
DA:51,0
DA:54,0
DA:57,0
DA:60,0
DA:68,3
DA:69,0
DA:71,0
DA:74,0
DA:77,0
DA:85,3
DA:86,0
DA:88,0
DA:91,0
DA:94,0
LF:28
LH:6
BRDA:54,0,0,0
BRDA:54,0,1,0
BRF:2
BRH:0
end_of_record
